<?xml version="1.0" encoding="UTF-8"?>
<testsuites name="TestSuite1" time="16" tests="1" failures="0" errors="0">
   <testsuite name="TestSuite1" tests="1" failures="0" errors="0" time="16" timestamp="2019-01-05 16:49:08" hostname="sridaran.kilvidi - kilvidiacademy" id="Test Suites/TestSuite1">
      <properties>
         <property name="deviceName" value=""/>
         <property name="devicePlatform" value=""/>
         <property name="logFolder" value="C:\\Users\\srida\\git\\kataon_git_test2\\Reports\\TestSuite1\\20190105_164906"/>
         <property name="logFiles" value="C:\\Users\\srida\\git\\kataon_git_test2\\Reports\\TestSuite1\\20190105_164906\\execution0.log"/>
         <property name="attachments" value=""/>
         <property name="hostName" value="sridaran.kilvidi - kilvidiacademy"/>
         <property name="os" value="Windows 10 64bit"/>
         <property name="katalonVersion" value="5.10.0.1"/>
         <property name="browser" value="Firefox 59.0"/>
         <property name="hostAddress" value="192.168.0.195"/>
         <property name="sessionId" value="c9545d88-4e91-48a1-9fe5-25294c1645b0"/>
         <property name="seleniumVersion" value="3.7.1"/>
         <property name="proxyInformation" value="ProxyInformation{proxyOption=NO_PROXY, proxyServerType=HTTP, password=, proxyServerAddress=, proxyServerPort=0}"/>
         <property name="platform" value="Windows 10"/>
      </properties>
      <testcase name="Test Cases/testcase1-from sridaran" classname="Test Cases/testcase1-from sridaran" status="PASSED">
         <system-out><![CDATA[2019-01-05 16:49:08 - [TEST_CASE][PASSED] - Test Cases/testcase1-from sridaran: Test Cases/testcase1-from sridaran

2019-01-05 16:49:09 - [TEST_STEP][PASSED] - openBrowser(""): Browser is opened with url: ''

2019-01-05 16:49:09 - [MESSAGE][INFO] - Starting 'Firefox' driver

2019-01-05 16:49:09 - [MESSAGE][INFO] - Action delay is set to 0 seconds

2019-01-05 16:49:22 - [MESSAGE][PASSED] - Browser is opened with url: ''

2019-01-05 16:49:22 - [TEST_STEP][PASSED] - navigateToUrl("http://www.facebook.com"): Navigate to 'http://www.facebook.com' successfully

2019-01-05 16:49:23 - [MESSAGE][PASSED] - Navigate to 'http://www.facebook.com' successfully

2019-01-05 16:49:23 - [TEST_STEP][PASSED] - closeBrowser(): Browser is closed

2019-01-05 16:49:25 - [MESSAGE][PASSED] - Browser is closed]]></system-out>
         <system-err><![CDATA[]]></system-err>
      </testcase>
      <system-out><![CDATA[2019-01-05 16:49:08 - [TEST_SUITE][PASSED] - TestSuite1: Test Cases/testcase1-from sridaran]]></system-out>
      <system-err><![CDATA[]]></system-err>
   </testsuite>
</testsuites>
